0 verbose cli /home/shub/.nvm/versions/node/v22.8.0/bin/node /home/shub/.nvm/versions/node/v22.8.0/lib/node_modules/npm/bin/npm-cli.js
1 info using npm@10.8.2
2 info using node@v22.8.0
3 silly config load:file:/home/shub/.nvm/versions/node/v22.8.0/lib/node_modules/npm/npmrc
4 silly config load:file:/home/shub/Projects/assignments-main/week-2/week-2-js/.npmrc
5 silly config load:file:/home/shub/.npmrc
6 silly config load:file:/home/shub/.nvm/versions/node/v22.8.0/etc/npmrc
7 verbose title npm exec anagram.js
8 verbose argv "exec" "--" "anagram.js"
9 verbose logfile logs-max:10 dir:/home/shub/.npm/_logs/2024-09-07T08_07_17_737Z-
10 verbose logfile /home/shub/.npm/_logs/2024-09-07T08_07_17_737Z-debug-0.log
11 silly logfile done cleaning log files
12 silly packumentCache heap:2197815296 maxSize:549453824 maxEntrySize:274726912
13 http fetch GET 200 https://registry.npmjs.org/npm 360ms
14 http fetch GET 404 https://registry.npmjs.org/anagram.js 1183ms (cache skip)
15 http fetch GET 404 https://registry.npmjs.org/anagram.js 960ms (cache skip)
16 verbose stack HttpErrorGeneral: 404 Not Found - GET https://registry.npmjs.org/anagram.js - Not found
16 verbose stack     at /home/shub/.nvm/versions/node/v22.8.0/lib/node_modules/npm/node_modules/npm-registry-fetch/lib/check-response.js:95:15
16 verbose stack     at process.processTicksAndRejections (node:internal/process/task_queues:105:5)
16 verbose stack     at async RegistryFetcher.packument (/home/shub/.nvm/versions/node/v22.8.0/lib/node_modules/npm/node_modules/pacote/lib/registry.js:90:19)
16 verbose stack     at async RegistryFetcher.manifest (/home/shub/.nvm/versions/node/v22.8.0/lib/node_modules/npm/node_modules/pacote/lib/registry.js:128:23)
16 verbose stack     at async getManifest (/home/shub/.nvm/versions/node/v22.8.0/lib/node_modules/npm/node_modules/libnpmexec/lib/index.js:27:22)
16 verbose stack     at async missingFromTree (/home/shub/.nvm/versions/node/v22.8.0/lib/node_modules/npm/node_modules/libnpmexec/lib/index.js:60:22)
16 verbose stack     at async /home/shub/.nvm/versions/node/v22.8.0/lib/node_modules/npm/node_modules/libnpmexec/lib/index.js:182:32
16 verbose stack     at async Promise.all (index 0)
16 verbose stack     at async exec (/home/shub/.nvm/versions/node/v22.8.0/lib/node_modules/npm/node_modules/libnpmexec/lib/index.js:180:3)
16 verbose stack     at async Npm.exec (/home/shub/.nvm/versions/node/v22.8.0/lib/node_modules/npm/lib/npm.js:207:9)
17 verbose statusCode 404
18 verbose pkgid anagram.js@*
19 error code E404
20 error 404 Not Found - GET https://registry.npmjs.org/anagram.js - Not found
21 error 404
22 error 404  'anagram.js@*' is not in this registry.
23 error 404
24 error 404 Note that you can also install from a
25 error 404 tarball, folder, http url, or git url.
26 verbose cwd /home/shub/Projects/assignments-main/week-2/week-2-js
27 verbose os Linux 5.15.153.1-microsoft-standard-WSL2
28 verbose node v22.8.0
29 verbose npm  v10.8.2
30 notice
30 notice New [36mpatch[39m version of npm available! [36m10.8.2[39m -> [34m10.8.3[39m
30 notice Changelog: [34mhttps://github.com/npm/cli/releases/tag/v10.8.3[39m
30 notice To update run: [4mnpm install -g npm@10.8.3[24m
30 notice  { force: true, [Symbol(proc-log.meta)]: true }
31 verbose exit 1
32 verbose code 1
33 error A complete log of this run can be found in: /home/shub/.npm/_logs/2024-09-07T08_07_17_737Z-debug-0.log
